<?xml version="1.0" encoding="UTF-8"?>
<testng-results ignored="0" total="1" passed="1" failed="0" skipped="0">
  <reporter-output>
  </reporter-output>
  <suite started-at="2022-05-29T12:10:29 IST" name="Default suite" finished-at="2022-05-29T12:10:48 IST" duration-ms="19205">
    <groups>
    </groups>
    <test started-at="2022-05-29T12:10:29 IST" name="Default test" finished-at="2022-05-29T12:10:48 IST" duration-ms="19205">
      <class name="com.jqueryExercise.SliderPracticeWebsite">
        <test-method is-config="true" signature="setup()[pri:0, instance:com.jqueryExercise.SliderPracticeWebsite@57af006c]" started-at="2022-05-29T12:10:29 IST" name="setup" finished-at="2022-05-29T12:10:33 IST" duration-ms="3981" status="PASS">
          <reporter-output>
          </reporter-output>
        </test-method> <!-- setup -->
        <test-method signature="sliderExampleWithDemoWebsite()[pri:0, instance:com.jqueryExercise.SliderPracticeWebsite@57af006c]" started-at="2022-05-29T12:10:33 IST" name="sliderExampleWithDemoWebsite" finished-at="2022-05-29T12:10:48 IST" duration-ms="15173" status="PASS">
          <reporter-output>
          </reporter-output>
        </test-method> <!-- sliderExampleWithDemoWebsite -->
      </class> <!-- com.jqueryExercise.SliderPracticeWebsite -->
    </test> <!-- Default test -->
  </suite> <!-- Default suite -->
</testng-results>
